Started GET "/" for 127.0.0.1 at 2018-08-20 10:07:41 -0300
Processing by Rails::WelcomeController#index as HTML
  Parameters: {"internal"=>true}
  Rendering /home/kelly/.rvm/gems/ruby-2.3.0@handinfood_front/gems/railties-5.0.7/lib/rails/templates/rails/welcome/index.html.erb
  Rendered /home/kelly/.rvm/gems/ruby-2.3.0@handinfood_front/gems/railties-5.0.7/lib/rails/templates/rails/welcome/index.html.erb (10.4ms)
Completed 200 OK in 44ms (Views: 22.7ms | ActiveRecord: 0.0ms)


  [1m[35m (10.5ms)[0m  [1m[35mCREATE TABLE "schema_migrations" ("version" varchar NOT NULL PRIMARY KEY)[0m
  [1m[35m (4.6ms)[0m  [1m[35mCREATE TABLE "ar_internal_metadata" ("key" varchar NOT NULL PRIMARY KEY, "value" varchar, "created_at" datetime NOT NULL, "updated_at" datetime NOT NULL)[0m
  [1m[36mActiveRecord::SchemaMigration Load (0.1ms)[0m  [1m[34mSELECT "schema_migrations".* FROM "schema_migrations"[0m
Migrating to CreateGeofences (20180820131316)
  [1m[35m (0.1ms)[0m  [1m[36mbegin transaction[0m
  [1m[35m (2.4ms)[0m  [1m[35mCREATE TABLE "geofences" ("id" INTEGER PRIMARY KEY AUTOINCREMENT NOT NULL, "name" varchar, "lat" float(53), "lon" float(53), "radius" float(53), "created_at" datetime NOT NULL, "updated_at" datetime NOT NULL)[0m
  [1m[35mSQL (0.2ms)[0m  [1m[32mINSERT INTO "schema_migrations" ("version") VALUES (?)[0m  [["version", "20180820131316"]]
  [1m[35m (6.4ms)[0m  [1m[36mcommit transaction[0m
  [1m[36mActiveRecord::InternalMetadata Load (0.2ms)[0m  [1m[34mSELECT  "ar_internal_metadata".* FROM "ar_internal_metadata" WHERE "ar_internal_metadata"."key" = ? LIMIT ?[0m  [["key", "environment"], ["LIMIT", 1]]
  [1m[35m (0.1ms)[0m  [1m[36mbegin transaction[0m
  [1m[35mSQL (8.0ms)[0m  [1m[32mINSERT INTO "ar_internal_metadata" ("key", "value", "created_at", "updated_at") VALUES (?, ?, ?, ?)[0m  [["key", "environment"], ["value", "development"], ["created_at", "2018-08-20 13:18:33.645502"], ["updated_at", "2018-08-20 13:18:33.645502"]]
  [1m[35m (2.7ms)[0m  [1m[36mcommit transaction[0m
  [1m[36mActiveRecord::SchemaMigration Load (0.1ms)[0m  [1m[34mSELECT "schema_migrations".* FROM "schema_migrations"[0m
  [1m[35m (0.1ms)[0m  [1m[36mbegin transaction[0m
  [1m[35mSQL (7.5ms)[0m  [1m[32mINSERT INTO "geofences" ("name", "lat", "lon", "radius", "created_at", "updated_at") VALUES (?, ?, ?, ?, ?, ?)[0m  [["name", "Primeiro Geofence"], ["lat", 1.0], ["lon", 2.0], ["radius", 10.0], ["created_at", "2018-08-20 13:25:24.885305"], ["updated_at", "2018-08-20 13:25:24.885305"]]
  [1m[35m (9.5ms)[0m  [1m[36mcommit transaction[0m
  [1m[35m (0.1ms)[0m  [1m[34mSELECT COUNT(*) FROM "geofences"[0m
Started GET "/" for 127.0.0.1 at 2018-08-20 10:30:13 -0300
  [1m[36mActiveRecord::SchemaMigration Load (0.2ms)[0m  [1m[34mSELECT "schema_migrations".* FROM "schema_migrations"[0m
Processing by Rails::WelcomeController#index as HTML
  Parameters: {"internal"=>true}
  Rendering /home/kelly/.rvm/gems/ruby-2.3.0@handinfood_front/gems/railties-5.0.7/lib/rails/templates/rails/welcome/index.html.erb
  Rendered /home/kelly/.rvm/gems/ruby-2.3.0@handinfood_front/gems/railties-5.0.7/lib/rails/templates/rails/welcome/index.html.erb (8.8ms)
Completed 200 OK in 18ms (Views: 16.1ms | ActiveRecord: 0.0ms)


Started GET "/geofences" for 127.0.0.1 at 2018-08-20 10:33:40 -0300
  [1m[36mActiveRecord::SchemaMigration Load (0.2ms)[0m  [1m[34mSELECT "schema_migrations".* FROM "schema_migrations"[0m
Processing by GeofencesController#index as HTML
  Rendering geofences/index.html.erb within layouts/application
  [1m[36mGeofence Load (0.2ms)[0m  [1m[34mSELECT "geofences".* FROM "geofences"[0m
  Rendered geofences/index.html.erb within layouts/application (29.1ms)
Completed 200 OK in 2055ms (Views: 2027.6ms | ActiveRecord: 0.7ms)


Started GET "/geofences" for 127.0.0.1 at 2018-08-20 10:36:49 -0300
  
NoMethodError (undefined method `root' for main:Object):
  
config/routes.rb:1:in `<top (required)>'
  Rendering /home/kelly/.rvm/gems/ruby-2.3.0@handinfood_front/gems/actionpack-5.0.7/lib/action_dispatch/middleware/templates/rescues/diagnostics.html.erb within rescues/layout
  Rendering /home/kelly/.rvm/gems/ruby-2.3.0@handinfood_front/gems/actionpack-5.0.7/lib/action_dispatch/middleware/templates/rescues/_source.html.erb
  Rendered /home/kelly/.rvm/gems/ruby-2.3.0@handinfood_front/gems/actionpack-5.0.7/lib/action_dispatch/middleware/templates/rescues/_source.html.erb (4.8ms)
  Rendering /home/kelly/.rvm/gems/ruby-2.3.0@handinfood_front/gems/actionpack-5.0.7/lib/action_dispatch/middleware/templates/rescues/_trace.html.erb
  Rendered /home/kelly/.rvm/gems/ruby-2.3.0@handinfood_front/gems/actionpack-5.0.7/lib/action_dispatch/middleware/templates/rescues/_trace.html.erb (2.2ms)
  Rendering /home/kelly/.rvm/gems/ruby-2.3.0@handinfood_front/gems/actionpack-5.0.7/lib/action_dispatch/middleware/templates/rescues/_request_and_response.html.erb
  Rendered /home/kelly/.rvm/gems/ruby-2.3.0@handinfood_front/gems/actionpack-5.0.7/lib/action_dispatch/middleware/templates/rescues/_request_and_response.html.erb (1.5ms)
  Rendered /home/kelly/.rvm/gems/ruby-2.3.0@handinfood_front/gems/actionpack-5.0.7/lib/action_dispatch/middleware/templates/rescues/diagnostics.html.erb within rescues/layout (116.9ms)
Started GET "/geofences" for 127.0.0.1 at 2018-08-20 10:37:19 -0300
Processing by GeofencesController#index as HTML
  Rendering geofences/index.html.erb within layouts/application
  [1m[36mGeofence Load (0.4ms)[0m  [1m[34mSELECT "geofences".* FROM "geofences"[0m
  Rendered geofences/index.html.erb within layouts/application (31.9ms)
Completed 200 OK in 151ms (Views: 142.8ms | ActiveRecord: 1.3ms)


Started GET "/geofences.json" for 127.0.0.1 at 2018-08-20 10:37:38 -0300
Processing by GeofencesController#index as JSON
  Rendering geofences/index.json.jbuilder
  [1m[36mGeofence Load (0.2ms)[0m  [1m[34mSELECT "geofences".* FROM "geofences"[0m
  Rendered geofences/_geofence.json.jbuilder (0.9ms)
  Rendered geofences/index.json.jbuilder (20.5ms)
Completed 200 OK in 32ms (Views: 30.7ms | ActiveRecord: 0.2ms)


  [1m[36mActiveRecord::SchemaMigration Load (0.1ms)[0m  [1m[34mSELECT "schema_migrations".* FROM "schema_migrations"[0m
Migrating to DeviseCreateUsers (20180820142800)
  [1m[35m (0.1ms)[0m  [1m[36mbegin transaction[0m
  [1m[35m (1.1ms)[0m  [1m[35mCREATE TABLE "users" ("id" INTEGER PRIMARY KEY AUTOINCREMENT NOT NULL, "email" varchar DEFAULT '' NOT NULL, "encrypted_password" varchar DEFAULT '' NOT NULL, "reset_password_token" varchar, "reset_password_sent_at" datetime, "remember_created_at" datetime, "created_at" datetime NOT NULL, "updated_at" datetime NOT NULL)[0m
  [1m[35m (0.1ms)[0m  [1m[34mselect sqlite_version(*)[0m
  [1m[35m (0.3ms)[0m  [1m[35mCREATE UNIQUE INDEX "index_users_on_email" ON "users" ("email")[0m
  [1m[35m (0.1ms)[0m  [1m[34m            SELECT sql
            FROM sqlite_master
            WHERE name='index_users_on_email' AND type='index'
            UNION ALL
            SELECT sql
            FROM sqlite_temp_master
            WHERE name='index_users_on_email' AND type='index'
[0m
  [1m[35m (0.1ms)[0m  [1m[35mCREATE UNIQUE INDEX "index_users_on_reset_password_token" ON "users" ("reset_password_token")[0m
  [1m[35mSQL (0.2ms)[0m  [1m[32mINSERT INTO "schema_migrations" ("version") VALUES (?)[0m  [["version", "20180820142800"]]
  [1m[35m (5.6ms)[0m  [1m[36mcommit transaction[0m
  [1m[36mActiveRecord::InternalMetadata Load (0.1ms)[0m  [1m[34mSELECT  "ar_internal_metadata".* FROM "ar_internal_metadata" WHERE "ar_internal_metadata"."key" = ? LIMIT ?[0m  [["key", "environment"], ["LIMIT", 1]]
  [1m[35m (0.1ms)[0m  [1m[36mbegin transaction[0m
  [1m[35m (0.1ms)[0m  [1m[36mcommit transaction[0m
  [1m[36mActiveRecord::SchemaMigration Load (0.1ms)[0m  [1m[34mSELECT "schema_migrations".* FROM "schema_migrations"[0m
  [1m[35m (0.1ms)[0m  [1m[34m            SELECT sql
            FROM sqlite_master
            WHERE name='index_users_on_reset_password_token' AND type='index'
            UNION ALL
            SELECT sql
            FROM sqlite_temp_master
            WHERE name='index_users_on_reset_password_token' AND type='index'
[0m
  [1m[35m (0.1ms)[0m  [1m[34m            SELECT sql
            FROM sqlite_master
            WHERE name='index_users_on_email' AND type='index'
            UNION ALL
            SELECT sql
            FROM sqlite_temp_master
            WHERE name='index_users_on_email' AND type='index'
[0m
Started GET "/geofences" for 127.0.0.1 at 2018-08-20 11:32:43 -0300
  
NoMethodError (undefined method `devise_for' for #<ActionDispatch::Routing::Mapper:0x007fadc407ceb0>):
  
config/routes.rb:2:in `block in <top (required)>'
config/routes.rb:1:in `<top (required)>'
  Rendering /home/kelly/.rvm/gems/ruby-2.3.0@handinfood_front/gems/actionpack-5.0.7/lib/action_dispatch/middleware/templates/rescues/diagnostics.html.erb within rescues/layout
  Rendering /home/kelly/.rvm/gems/ruby-2.3.0@handinfood_front/gems/actionpack-5.0.7/lib/action_dispatch/middleware/templates/rescues/_source.html.erb
  Rendered /home/kelly/.rvm/gems/ruby-2.3.0@handinfood_front/gems/actionpack-5.0.7/lib/action_dispatch/middleware/templates/rescues/_source.html.erb (9.2ms)
  Rendering /home/kelly/.rvm/gems/ruby-2.3.0@handinfood_front/gems/actionpack-5.0.7/lib/action_dispatch/middleware/templates/rescues/_trace.html.erb
  Rendered /home/kelly/.rvm/gems/ruby-2.3.0@handinfood_front/gems/actionpack-5.0.7/lib/action_dispatch/middleware/templates/rescues/_trace.html.erb (2.1ms)
  Rendering /home/kelly/.rvm/gems/ruby-2.3.0@handinfood_front/gems/actionpack-5.0.7/lib/action_dispatch/middleware/templates/rescues/_request_and_response.html.erb
  Rendered /home/kelly/.rvm/gems/ruby-2.3.0@handinfood_front/gems/actionpack-5.0.7/lib/action_dispatch/middleware/templates/rescues/_request_and_response.html.erb (1.2ms)
  Rendered /home/kelly/.rvm/gems/ruby-2.3.0@handinfood_front/gems/actionpack-5.0.7/lib/action_dispatch/middleware/templates/rescues/diagnostics.html.erb within rescues/layout (117.1ms)
  [1m[36mActiveRecord::SchemaMigration Load (0.3ms)[0m  [1m[34mSELECT "schema_migrations".* FROM "schema_migrations"[0m
Migrating to AddUserIdToGeofence (20180820143411)
  [1m[35m (0.1ms)[0m  [1m[36mbegin transaction[0m
  [1m[35m (1.2ms)[0m  [1m[35mALTER TABLE "geofences" ADD "user_id" integer[0m
  [1m[35mSQL (0.3ms)[0m  [1m[32mINSERT INTO "schema_migrations" ("version") VALUES (?)[0m  [["version", "20180820143411"]]
  [1m[35m (9.4ms)[0m  [1m[36mcommit transaction[0m
  [1m[36mActiveRecord::InternalMetadata Load (0.2ms)[0m  [1m[34mSELECT  "ar_internal_metadata".* FROM "ar_internal_metadata" WHERE "ar_internal_metadata"."key" = ? LIMIT ?[0m  [["key", "environment"], ["LIMIT", 1]]
  [1m[35m (0.1ms)[0m  [1m[36mbegin transaction[0m
  [1m[35m (0.1ms)[0m  [1m[36mcommit transaction[0m
  [1m[36mActiveRecord::SchemaMigration Load (3.2ms)[0m  [1m[34mSELECT "schema_migrations".* FROM "schema_migrations"[0m
  [1m[35m (0.1ms)[0m  [1m[34m            SELECT sql
            FROM sqlite_master
            WHERE name='index_users_on_reset_password_token' AND type='index'
            UNION ALL
            SELECT sql
            FROM sqlite_temp_master
            WHERE name='index_users_on_reset_password_token' AND type='index'
[0m
  [1m[35m (0.1ms)[0m  [1m[34m            SELECT sql
            FROM sqlite_master
            WHERE name='index_users_on_email' AND type='index'
            UNION ALL
            SELECT sql
            FROM sqlite_temp_master
            WHERE name='index_users_on_email' AND type='index'
[0m
Started GET "/geofences" for 127.0.0.1 at 2018-08-20 13:24:11 -0300
  
NoMethodError (undefined method `devise_for' for #<ActionDispatch::Routing::Mapper:0x007fadb80706d0>):
  
config/routes.rb:2:in `block in <top (required)>'
config/routes.rb:1:in `<top (required)>'
  Rendering /home/kelly/.rvm/gems/ruby-2.3.0@handinfood_front/gems/actionpack-5.0.7/lib/action_dispatch/middleware/templates/rescues/diagnostics.html.erb within rescues/layout
  Rendering /home/kelly/.rvm/gems/ruby-2.3.0@handinfood_front/gems/actionpack-5.0.7/lib/action_dispatch/middleware/templates/rescues/_source.html.erb
  Rendered /home/kelly/.rvm/gems/ruby-2.3.0@handinfood_front/gems/actionpack-5.0.7/lib/action_dispatch/middleware/templates/rescues/_source.html.erb (9.5ms)
  Rendering /home/kelly/.rvm/gems/ruby-2.3.0@handinfood_front/gems/actionpack-5.0.7/lib/action_dispatch/middleware/templates/rescues/_trace.html.erb
  Rendered /home/kelly/.rvm/gems/ruby-2.3.0@handinfood_front/gems/actionpack-5.0.7/lib/action_dispatch/middleware/templates/rescues/_trace.html.erb (2.2ms)
  Rendering /home/kelly/.rvm/gems/ruby-2.3.0@handinfood_front/gems/actionpack-5.0.7/lib/action_dispatch/middleware/templates/rescues/_request_and_response.html.erb
  Rendered /home/kelly/.rvm/gems/ruby-2.3.0@handinfood_front/gems/actionpack-5.0.7/lib/action_dispatch/middleware/templates/rescues/_request_and_response.html.erb (0.9ms)
  Rendered /home/kelly/.rvm/gems/ruby-2.3.0@handinfood_front/gems/actionpack-5.0.7/lib/action_dispatch/middleware/templates/rescues/diagnostics.html.erb within rescues/layout (109.9ms)
Started GET "/geofences" for 127.0.0.1 at 2018-08-20 13:24:15 -0300
  [1m[36mActiveRecord::SchemaMigration Load (0.1ms)[0m  [1m[34mSELECT "schema_migrations".* FROM "schema_migrations"[0m
  
ActionController::RoutingError (No route matches [GET] "/geofences"):
  
actionpack (5.0.7) lib/action_dispatch/middleware/debug_exceptions.rb:53:in `call'
web-console (3.6.2) lib/web_console/middleware.rb:135:in `call_app'
web-console (3.6.2) lib/web_console/middleware.rb:30:in `block in call'
web-console (3.6.2) lib/web_console/middleware.rb:20:in `catch'
web-console (3.6.2) lib/web_console/middleware.rb:20:in `call'
actionpack (5.0.7) lib/action_dispatch/middleware/show_exceptions.rb:31:in `call'
railties (5.0.7) lib/rails/rack/logger.rb:36:in `call_app'
railties (5.0.7) lib/rails/rack/logger.rb:24:in `block in call'
activesupport (5.0.7) lib/active_support/tagged_logging.rb:69:in `block in tagged'
activesupport (5.0.7) lib/active_support/tagged_logging.rb:26:in `tagged'
activesupport (5.0.7) lib/active_support/tagged_logging.rb:69:in `tagged'
railties (5.0.7) lib/rails/rack/logger.rb:24:in `call'
sprockets-rails (3.2.1) lib/sprockets/rails/quiet_assets.rb:13:in `call'
actionpack (5.0.7) lib/action_dispatch/middleware/request_id.rb:24:in `call'
rack (2.0.5) lib/rack/method_override.rb:22:in `call'
rack (2.0.5) lib/rack/runtime.rb:22:in `call'
activesupport (5.0.7) lib/active_support/cache/strategy/local_cache_middleware.rb:28:in `call'
actionpack (5.0.7) lib/action_dispatch/middleware/executor.rb:12:in `call'
actionpack (5.0.7) lib/action_dispatch/middleware/static.rb:136:in `call'
rack (2.0.5) lib/rack/sendfile.rb:111:in `call'
railties (5.0.7) lib/rails/engine.rb:522:in `call'
puma (3.12.0) lib/puma/configuration.rb:225:in `call'
puma (3.12.0) lib/puma/server.rb:658:in `handle_request'
puma (3.12.0) lib/puma/server.rb:472:in `process_client'
puma (3.12.0) lib/puma/server.rb:332:in `block in run'
puma (3.12.0) lib/puma/thread_pool.rb:133:in `block in spawn_thread'
  Rendering /home/kelly/.rvm/gems/ruby-2.3.0@handinfood_front/gems/actionpack-5.0.7/lib/action_dispatch/middleware/templates/rescues/routing_error.html.erb within rescues/layout
  Rendering /home/kelly/.rvm/gems/ruby-2.3.0@handinfood_front/gems/actionpack-5.0.7/lib/action_dispatch/middleware/templates/rescues/_trace.html.erb
  Rendered /home/kelly/.rvm/gems/ruby-2.3.0@handinfood_front/gems/actionpack-5.0.7/lib/action_dispatch/middleware/templates/rescues/_trace.html.erb (1.6ms)
  Rendered /home/kelly/.rvm/gems/ruby-2.3.0@handinfood_front/gems/actionpack-5.0.7/lib/action_dispatch/middleware/templates/routes/_table.html.erb (27.6ms)
  Rendering /home/kelly/.rvm/gems/ruby-2.3.0@handinfood_front/gems/actionpack-5.0.7/lib/action_dispatch/middleware/templates/rescues/_request_and_response.html.erb
  Rendered /home/kelly/.rvm/gems/ruby-2.3.0@handinfood_front/gems/actionpack-5.0.7/lib/action_dispatch/middleware/templates/rescues/_request_and_response.html.erb (2.7ms)
  Rendered /home/kelly/.rvm/gems/ruby-2.3.0@handinfood_front/gems/actionpack-5.0.7/lib/action_dispatch/middleware/templates/rescues/routing_error.html.erb within rescues/layout (115.7ms)
Started GET "/geofences" for 127.0.0.1 at 2018-08-20 13:26:25 -0300
  
NoMethodError (undefined method `devise_for' for #<ActionDispatch::Routing::Mapper:0x00000005a4da58>):
  
config/routes.rb:2:in `block in <top (required)>'
config/routes.rb:1:in `<top (required)>'
  Rendering /home/kelly/.rvm/gems/ruby-2.3.0@handinfood_front/gems/actionpack-5.0.7/lib/action_dispatch/middleware/templates/rescues/diagnostics.html.erb within rescues/layout
  Rendering /home/kelly/.rvm/gems/ruby-2.3.0@handinfood_front/gems/actionpack-5.0.7/lib/action_dispatch/middleware/templates/rescues/_source.html.erb
  Rendered /home/kelly/.rvm/gems/ruby-2.3.0@handinfood_front/gems/actionpack-5.0.7/lib/action_dispatch/middleware/templates/rescues/_source.html.erb (39.4ms)
  Rendering /home/kelly/.rvm/gems/ruby-2.3.0@handinfood_front/gems/actionpack-5.0.7/lib/action_dispatch/middleware/templates/rescues/_trace.html.erb
  Rendered /home/kelly/.rvm/gems/ruby-2.3.0@handinfood_front/gems/actionpack-5.0.7/lib/action_dispatch/middleware/templates/rescues/_trace.html.erb (3.9ms)
  Rendering /home/kelly/.rvm/gems/ruby-2.3.0@handinfood_front/gems/actionpack-5.0.7/lib/action_dispatch/middleware/templates/rescues/_request_and_response.html.erb
  Rendered /home/kelly/.rvm/gems/ruby-2.3.0@handinfood_front/gems/actionpack-5.0.7/lib/action_dispatch/middleware/templates/rescues/_request_and_response.html.erb (0.9ms)
  Rendered /home/kelly/.rvm/gems/ruby-2.3.0@handinfood_front/gems/actionpack-5.0.7/lib/action_dispatch/middleware/templates/rescues/diagnostics.html.erb within rescues/layout (201.3ms)
Started GET "/geofences" for 127.0.0.1 at 2018-08-20 13:32:53 -0300
  
NoMethodError (undefined method `devise_for' for #<ActionDispatch::Routing::Mapper:0x007fadb406df60>):
  
config/routes.rb:2:in `block in <top (required)>'
config/routes.rb:1:in `<top (required)>'
  Rendering /home/kelly/.rvm/gems/ruby-2.3.0@handinfood_front/gems/actionpack-5.0.7/lib/action_dispatch/middleware/templates/rescues/diagnostics.html.erb within rescues/layout
  Rendering /home/kelly/.rvm/gems/ruby-2.3.0@handinfood_front/gems/actionpack-5.0.7/lib/action_dispatch/middleware/templates/rescues/_source.html.erb
  Rendered /home/kelly/.rvm/gems/ruby-2.3.0@handinfood_front/gems/actionpack-5.0.7/lib/action_dispatch/middleware/templates/rescues/_source.html.erb (9.7ms)
  Rendering /home/kelly/.rvm/gems/ruby-2.3.0@handinfood_front/gems/actionpack-5.0.7/lib/action_dispatch/middleware/templates/rescues/_trace.html.erb
  Rendered /home/kelly/.rvm/gems/ruby-2.3.0@handinfood_front/gems/actionpack-5.0.7/lib/action_dispatch/middleware/templates/rescues/_trace.html.erb (7.4ms)
  Rendering /home/kelly/.rvm/gems/ruby-2.3.0@handinfood_front/gems/actionpack-5.0.7/lib/action_dispatch/middleware/templates/rescues/_request_and_response.html.erb
  Rendered /home/kelly/.rvm/gems/ruby-2.3.0@handinfood_front/gems/actionpack-5.0.7/lib/action_dispatch/middleware/templates/rescues/_request_and_response.html.erb (0.9ms)
  Rendered /home/kelly/.rvm/gems/ruby-2.3.0@handinfood_front/gems/actionpack-5.0.7/lib/action_dispatch/middleware/templates/rescues/diagnostics.html.erb within rescues/layout (109.0ms)
Started GET "/geofences" for 127.0.0.1 at 2018-08-20 13:32:57 -0300
  
ActionController::RoutingError (No route matches [GET] "/geofences"):
  
actionpack (5.0.7) lib/action_dispatch/middleware/debug_exceptions.rb:53:in `call'
web-console (3.6.2) lib/web_console/middleware.rb:135:in `call_app'
web-console (3.6.2) lib/web_console/middleware.rb:30:in `block in call'
web-console (3.6.2) lib/web_console/middleware.rb:20:in `catch'
web-console (3.6.2) lib/web_console/middleware.rb:20:in `call'
actionpack (5.0.7) lib/action_dispatch/middleware/show_exceptions.rb:31:in `call'
railties (5.0.7) lib/rails/rack/logger.rb:36:in `call_app'
railties (5.0.7) lib/rails/rack/logger.rb:24:in `block in call'
activesupport (5.0.7) lib/active_support/tagged_logging.rb:69:in `block in tagged'
activesupport (5.0.7) lib/active_support/tagged_logging.rb:26:in `tagged'
activesupport (5.0.7) lib/active_support/tagged_logging.rb:69:in `tagged'
railties (5.0.7) lib/rails/rack/logger.rb:24:in `call'
sprockets-rails (3.2.1) lib/sprockets/rails/quiet_assets.rb:13:in `call'
actionpack (5.0.7) lib/action_dispatch/middleware/request_id.rb:24:in `call'
rack (2.0.5) lib/rack/method_override.rb:22:in `call'
rack (2.0.5) lib/rack/runtime.rb:22:in `call'
activesupport (5.0.7) lib/active_support/cache/strategy/local_cache_middleware.rb:28:in `call'
actionpack (5.0.7) lib/action_dispatch/middleware/executor.rb:12:in `call'
actionpack (5.0.7) lib/action_dispatch/middleware/static.rb:136:in `call'
rack (2.0.5) lib/rack/sendfile.rb:111:in `call'
railties (5.0.7) lib/rails/engine.rb:522:in `call'
puma (3.12.0) lib/puma/configuration.rb:225:in `call'
puma (3.12.0) lib/puma/server.rb:658:in `handle_request'
puma (3.12.0) lib/puma/server.rb:472:in `process_client'
puma (3.12.0) lib/puma/server.rb:332:in `block in run'
puma (3.12.0) lib/puma/thread_pool.rb:133:in `block in spawn_thread'
  Rendering /home/kelly/.rvm/gems/ruby-2.3.0@handinfood_front/gems/actionpack-5.0.7/lib/action_dispatch/middleware/templates/rescues/routing_error.html.erb within rescues/layout
  Rendering /home/kelly/.rvm/gems/ruby-2.3.0@handinfood_front/gems/actionpack-5.0.7/lib/action_dispatch/middleware/templates/rescues/_trace.html.erb
  Rendered /home/kelly/.rvm/gems/ruby-2.3.0@handinfood_front/gems/actionpack-5.0.7/lib/action_dispatch/middleware/templates/rescues/_trace.html.erb (1.6ms)
  Rendered /home/kelly/.rvm/gems/ruby-2.3.0@handinfood_front/gems/actionpack-5.0.7/lib/action_dispatch/middleware/templates/routes/_table.html.erb (1.7ms)
  Rendering /home/kelly/.rvm/gems/ruby-2.3.0@handinfood_front/gems/actionpack-5.0.7/lib/action_dispatch/middleware/templates/rescues/_request_and_response.html.erb
  Rendered /home/kelly/.rvm/gems/ruby-2.3.0@handinfood_front/gems/actionpack-5.0.7/lib/action_dispatch/middleware/templates/rescues/_request_and_response.html.erb (1.2ms)
  Rendered /home/kelly/.rvm/gems/ruby-2.3.0@handinfood_front/gems/actionpack-5.0.7/lib/action_dispatch/middleware/templates/rescues/routing_error.html.erb within rescues/layout (183.5ms)
Started GET "/geofences" for 127.0.0.1 at 2018-08-20 13:32:59 -0300
  
ActionController::RoutingError (No route matches [GET] "/geofences"):
  
actionpack (5.0.7) lib/action_dispatch/middleware/debug_exceptions.rb:53:in `call'
web-console (3.6.2) lib/web_console/middleware.rb:135:in `call_app'
web-console (3.6.2) lib/web_console/middleware.rb:30:in `block in call'
web-console (3.6.2) lib/web_console/middleware.rb:20:in `catch'
web-console (3.6.2) lib/web_console/middleware.rb:20:in `call'
actionpack (5.0.7) lib/action_dispatch/middleware/show_exceptions.rb:31:in `call'
railties (5.0.7) lib/rails/rack/logger.rb:36:in `call_app'
railties (5.0.7) lib/rails/rack/logger.rb:24:in `block in call'
activesupport (5.0.7) lib/active_support/tagged_logging.rb:69:in `block in tagged'
activesupport (5.0.7) lib/active_support/tagged_logging.rb:26:in `tagged'
activesupport (5.0.7) lib/active_support/tagged_logging.rb:69:in `tagged'
railties (5.0.7) lib/rails/rack/logger.rb:24:in `call'
sprockets-rails (3.2.1) lib/sprockets/rails/quiet_assets.rb:13:in `call'
actionpack (5.0.7) lib/action_dispatch/middleware/request_id.rb:24:in `call'
rack (2.0.5) lib/rack/method_override.rb:22:in `call'
rack (2.0.5) lib/rack/runtime.rb:22:in `call'
activesupport (5.0.7) lib/active_support/cache/strategy/local_cache_middleware.rb:28:in `call'
actionpack (5.0.7) lib/action_dispatch/middleware/executor.rb:12:in `call'
actionpack (5.0.7) lib/action_dispatch/middleware/static.rb:136:in `call'
rack (2.0.5) lib/rack/sendfile.rb:111:in `call'
railties (5.0.7) lib/rails/engine.rb:522:in `call'
puma (3.12.0) lib/puma/configuration.rb:225:in `call'
puma (3.12.0) lib/puma/server.rb:658:in `handle_request'
puma (3.12.0) lib/puma/server.rb:472:in `process_client'
puma (3.12.0) lib/puma/server.rb:332:in `block in run'
puma (3.12.0) lib/puma/thread_pool.rb:133:in `block in spawn_thread'
  Rendering /home/kelly/.rvm/gems/ruby-2.3.0@handinfood_front/gems/actionpack-5.0.7/lib/action_dispatch/middleware/templates/rescues/routing_error.html.erb within rescues/layout
  Rendering /home/kelly/.rvm/gems/ruby-2.3.0@handinfood_front/gems/actionpack-5.0.7/lib/action_dispatch/middleware/templates/rescues/_trace.html.erb
  Rendered /home/kelly/.rvm/gems/ruby-2.3.0@handinfood_front/gems/actionpack-5.0.7/lib/action_dispatch/middleware/templates/rescues/_trace.html.erb (3.1ms)
  Rendered /home/kelly/.rvm/gems/ruby-2.3.0@handinfood_front/gems/actionpack-5.0.7/lib/action_dispatch/middleware/templates/routes/_table.html.erb (1.9ms)
  Rendering /home/kelly/.rvm/gems/ruby-2.3.0@handinfood_front/gems/actionpack-5.0.7/lib/action_dispatch/middleware/templates/rescues/_request_and_response.html.erb
  Rendered /home/kelly/.rvm/gems/ruby-2.3.0@handinfood_front/gems/actionpack-5.0.7/lib/action_dispatch/middleware/templates/rescues/_request_and_response.html.erb (1.3ms)
  Rendered /home/kelly/.rvm/gems/ruby-2.3.0@handinfood_front/gems/actionpack-5.0.7/lib/action_dispatch/middleware/templates/rescues/routing_error.html.erb within rescues/layout (95.7ms)
  [1m[36mActiveRecord::SchemaMigration Load (0.1ms)[0m  [1m[34mSELECT "schema_migrations".* FROM "schema_migrations"[0m
  [1m[36mActiveRecord::InternalMetadata Load (0.2ms)[0m  [1m[34mSELECT  "ar_internal_metadata".* FROM "ar_internal_metadata" WHERE "ar_internal_metadata"."key" = ? LIMIT ?[0m  [["key", "environment"], ["LIMIT", 1]]
  [1m[35m (0.1ms)[0m  [1m[36mbegin transaction[0m
  [1m[35m (0.1ms)[0m  [1m[36mcommit transaction[0m
  [1m[36mActiveRecord::SchemaMigration Load (0.1ms)[0m  [1m[34mSELECT "schema_migrations".* FROM "schema_migrations"[0m
  [1m[35m (0.1ms)[0m  [1m[34m            SELECT sql
            FROM sqlite_master
            WHERE name='index_users_on_reset_password_token' AND type='index'
            UNION ALL
            SELECT sql
            FROM sqlite_temp_master
            WHERE name='index_users_on_reset_password_token' AND type='index'
[0m
  [1m[35m (0.1ms)[0m  [1m[34m            SELECT sql
            FROM sqlite_master
            WHERE name='index_users_on_email' AND type='index'
            UNION ALL
            SELECT sql
            FROM sqlite_temp_master
            WHERE name='index_users_on_email' AND type='index'
[0m
Started GET "/geofences" for 127.0.0.1 at 2018-08-20 13:33:21 -0300
  
NoMethodError (undefined method `devise_for' for #<ActionDispatch::Routing::Mapper:0x007fadb1c212d8>):
  
config/routes.rb:2:in `block in <top (required)>'
config/routes.rb:1:in `<top (required)>'
  Rendering /home/kelly/.rvm/gems/ruby-2.3.0@handinfood_front/gems/actionpack-5.0.7/lib/action_dispatch/middleware/templates/rescues/diagnostics.html.erb within rescues/layout
  Rendering /home/kelly/.rvm/gems/ruby-2.3.0@handinfood_front/gems/actionpack-5.0.7/lib/action_dispatch/middleware/templates/rescues/_source.html.erb
  Rendered /home/kelly/.rvm/gems/ruby-2.3.0@handinfood_front/gems/actionpack-5.0.7/lib/action_dispatch/middleware/templates/rescues/_source.html.erb (8.4ms)
  Rendering /home/kelly/.rvm/gems/ruby-2.3.0@handinfood_front/gems/actionpack-5.0.7/lib/action_dispatch/middleware/templates/rescues/_trace.html.erb
  Rendered /home/kelly/.rvm/gems/ruby-2.3.0@handinfood_front/gems/actionpack-5.0.7/lib/action_dispatch/middleware/templates/rescues/_trace.html.erb (2.0ms)
  Rendering /home/kelly/.rvm/gems/ruby-2.3.0@handinfood_front/gems/actionpack-5.0.7/lib/action_dispatch/middleware/templates/rescues/_request_and_response.html.erb
  Rendered /home/kelly/.rvm/gems/ruby-2.3.0@handinfood_front/gems/actionpack-5.0.7/lib/action_dispatch/middleware/templates/rescues/_request_and_response.html.erb (0.9ms)
  Rendered /home/kelly/.rvm/gems/ruby-2.3.0@handinfood_front/gems/actionpack-5.0.7/lib/action_dispatch/middleware/templates/rescues/diagnostics.html.erb within rescues/layout (120.7ms)
Started GET "/geofences" for 127.0.0.1 at 2018-08-20 13:35:15 -0300
  
NoMethodError (undefined method `devise_for' for #<ActionDispatch::Routing::Mapper:0x007fadb1e7fc50>):
  
config/routes.rb:2:in `block in <top (required)>'
config/routes.rb:1:in `<top (required)>'
  Rendering /home/kelly/.rvm/gems/ruby-2.3.0@handinfood_front/gems/actionpack-5.0.7/lib/action_dispatch/middleware/templates/rescues/diagnostics.html.erb within rescues/layout
  Rendering /home/kelly/.rvm/gems/ruby-2.3.0@handinfood_front/gems/actionpack-5.0.7/lib/action_dispatch/middleware/templates/rescues/_source.html.erb
  Rendered /home/kelly/.rvm/gems/ruby-2.3.0@handinfood_front/gems/actionpack-5.0.7/lib/action_dispatch/middleware/templates/rescues/_source.html.erb (9.3ms)
  Rendering /home/kelly/.rvm/gems/ruby-2.3.0@handinfood_front/gems/actionpack-5.0.7/lib/action_dispatch/middleware/templates/rescues/_trace.html.erb
  Rendered /home/kelly/.rvm/gems/ruby-2.3.0@handinfood_front/gems/actionpack-5.0.7/lib/action_dispatch/middleware/templates/rescues/_trace.html.erb (2.3ms)
  Rendering /home/kelly/.rvm/gems/ruby-2.3.0@handinfood_front/gems/actionpack-5.0.7/lib/action_dispatch/middleware/templates/rescues/_request_and_response.html.erb
  Rendered /home/kelly/.rvm/gems/ruby-2.3.0@handinfood_front/gems/actionpack-5.0.7/lib/action_dispatch/middleware/templates/rescues/_request_and_response.html.erb (1.0ms)
  Rendered /home/kelly/.rvm/gems/ruby-2.3.0@handinfood_front/gems/actionpack-5.0.7/lib/action_dispatch/middleware/templates/rescues/diagnostics.html.erb within rescues/layout (109.8ms)
Started GET "/geofences" for 127.0.0.1 at 2018-08-20 13:36:58 -0300
  [1m[36mActiveRecord::SchemaMigration Load (0.1ms)[0m  [1m[34mSELECT "schema_migrations".* FROM "schema_migrations"[0m
Processing by GeofencesController#index as HTML
Completed 401 Unauthorized in 31ms (ActiveRecord: 0.0ms)


Started GET "/users/sign_in" for 127.0.0.1 at 2018-08-20 13:36:59 -0300
Processing by Devise::SessionsController#new as HTML
  Rendering devise/sessions/new.html.erb within layouts/application
  Rendered devise/shared/_links.html.erb (2.1ms)
  Rendered devise/sessions/new.html.erb within layouts/application (55.2ms)
Completed 200 OK in 756ms (Views: 731.5ms | ActiveRecord: 0.6ms)


Started POST "/users/sign_in" for 127.0.0.1 at 2018-08-20 13:37:12 -0300
Processing by Devise::SessionsController#create as HTML
  Parameters: {"utf8"=>"✓", "authenticity_token"=>"c4B5ea72Jg9XFusxpX75M7NniOaEv8CvFgLJ+yAUkRR4gnZnJlJbIgr1YOtCMMwpl00tvOPVjb+iX3IzyT1oaA==", "user"=>{"email"=>"kellycruz.ti@gmail.com", "password"=>"[FILTERED]", "remember_me"=>"1"}, "commit"=>"Log in"}
  [1m[36mUser Load (0.6ms)[0m  [1m[34mSELECT  "users".* FROM "users" WHERE "users"."email" = ? ORDER BY "users"."id" ASC LIMIT ?[0m  [["email", "kellycruz.ti@gmail.com"], ["LIMIT", 1]]
Completed 401 Unauthorized in 50ms (ActiveRecord: 0.6ms)


Processing by Devise::SessionsController#new as HTML
  Parameters: {"utf8"=>"✓", "authenticity_token"=>"c4B5ea72Jg9XFusxpX75M7NniOaEv8CvFgLJ+yAUkRR4gnZnJlJbIgr1YOtCMMwpl00tvOPVjb+iX3IzyT1oaA==", "user"=>{"email"=>"kellycruz.ti@gmail.com", "password"=>"[FILTERED]", "remember_me"=>"1"}, "commit"=>"Log in"}
  Rendering devise/sessions/new.html.erb within layouts/application
  Rendered devise/shared/_links.html.erb (2.3ms)
  Rendered devise/sessions/new.html.erb within layouts/application (13.1ms)
Completed 200 OK in 467ms (Views: 83.4ms | ActiveRecord: 0.0ms)


Started POST "/users/sign_in" for 127.0.0.1 at 2018-08-20 13:37:20 -0300
Processing by Devise::SessionsController#create as HTML
  Parameters: {"utf8"=>"✓", "authenticity_token"=>"w/hQ2wjMFk+Txxw3PTpGV0pHdmqKAmhViuY6QZaeg9nI+l/FgGhrYs4kl+3adHNNbm3TMO1oJUU+u4GJf7d6pQ==", "user"=>{"email"=>"kellycruz.ti@gmail.com", "password"=>"[FILTERED]", "remember_me"=>"1"}, "commit"=>"Log in"}
  [1m[36mUser Load (0.4ms)[0m  [1m[34mSELECT  "users".* FROM "users" WHERE "users"."email" = ? ORDER BY "users"."id" ASC LIMIT ?[0m  [["email", "kellycruz.ti@gmail.com"], ["LIMIT", 1]]
Completed 401 Unauthorized in 9ms (ActiveRecord: 0.4ms)


Processing by Devise::SessionsController#new as HTML
  Parameters: {"utf8"=>"✓", "authenticity_token"=>"w/hQ2wjMFk+Txxw3PTpGV0pHdmqKAmhViuY6QZaeg9nI+l/FgGhrYs4kl+3adHNNbm3TMO1oJUU+u4GJf7d6pQ==", "user"=>{"email"=>"kellycruz.ti@gmail.com", "password"=>"[FILTERED]", "remember_me"=>"1"}, "commit"=>"Log in"}
  Rendering devise/sessions/new.html.erb within layouts/application
  Rendered devise/shared/_links.html.erb (9.4ms)
  Rendered devise/sessions/new.html.erb within layouts/application (19.1ms)
Completed 200 OK in 413ms (Views: 123.9ms | ActiveRecord: 0.0ms)


Started GET "/users/sign_up" for 127.0.0.1 at 2018-08-20 13:37:31 -0300
Processing by Devise::RegistrationsController#new as HTML
  Rendering devise/registrations/new.html.erb within layouts/application
  Rendered devise/shared/_links.html.erb (6.1ms)
  Rendered devise/registrations/new.html.erb within layouts/application (17.5ms)
Completed 200 OK in 107ms (Views: 105.5ms | ActiveRecord: 0.0ms)


Started POST "/users" for 127.0.0.1 at 2018-08-20 13:37:51 -0300
Processing by Devise::RegistrationsController#create as HTML
  Parameters: {"utf8"=>"✓", "authenticity_token"=>"5Pez6nh7QOmyHl2N7ytb8s09Sb3WpjfuE8jspOMqiELRwUYDyoXEyspLUEvZYLNfxWRw1ZnOQjcDtbEgKM3F7Q==", "user"=>{"email"=>"kellycruz.ti@gmail.com", "password"=>"[FILTERED]", "password_confirmation"=>"[FILTERED]"}, "commit"=>"Sign up"}
  [1m[35m (0.3ms)[0m  [1m[36mbegin transaction[0m
  [1m[36mUser Exists (0.2ms)[0m  [1m[34mSELECT  1 AS one FROM "users" WHERE "users"."email" = ? LIMIT ?[0m  [["email", "kellycruz.ti@gmail.com"], ["LIMIT", 1]]
  [1m[35mSQL (4.1ms)[0m  [1m[32mINSERT INTO "users" ("email", "encrypted_password", "created_at", "updated_at") VALUES (?, ?, ?, ?)[0m  [["email", "kellycruz.ti@gmail.com"], ["encrypted_password", "$2a$11$924eP8WWaHsGdMfMqukxO.d/8hUMU3KzpAwTk6B3pMj2oeIGWRz6K"], ["created_at", "2018-08-20 16:37:51.702932"], ["updated_at", "2018-08-20 16:37:51.702932"]]
  [1m[35m (3.1ms)[0m  [1m[36mcommit transaction[0m
Redirected to http://localhost:3000/geofences
Completed 302 Found in 333ms (ActiveRecord: 7.7ms)


Started GET "/geofences" for 127.0.0.1 at 2018-08-20 13:37:51 -0300
Processing by GeofencesController#index as HTML
  [1m[36mUser Load (0.3ms)[0m  [1m[34mSELECT  "users".* FROM "users" WHERE "users"."id" = ? ORDER BY "users"."id" ASC LIMIT ?[0m  [["id", 1], ["LIMIT", 1]]
  Rendering geofences/index.html.erb within layouts/application
  [1m[36mGeofence Load (0.2ms)[0m  [1m[34mSELECT "geofences".* FROM "geofences" WHERE "geofences"."user_id" = ?[0m  [["user_id", 1]]
  Rendered geofences/index.html.erb within layouts/application (18.4ms)
Completed 200 OK in 154ms (Views: 82.0ms | ActiveRecord: 0.9ms)


Started GET "/geofences/new" for 127.0.0.1 at 2018-08-20 13:38:05 -0300
Processing by GeofencesController#new as HTML
  [1m[36mUser Load (0.2ms)[0m  [1m[34mSELECT  "users".* FROM "users" WHERE "users"."id" = ? ORDER BY "users"."id" ASC LIMIT ?[0m  [["id", 1], ["LIMIT", 1]]
  Rendering geofences/new.html.erb within layouts/application
  Rendered geofences/_form.html.erb (45.7ms)
  Rendered geofences/new.html.erb within layouts/application (58.5ms)
Completed 200 OK in 202ms (Views: 177.2ms | ActiveRecord: 6.0ms)


Started POST "/geofences" for 127.0.0.1 at 2018-08-20 13:38:23 -0300
Processing by GeofencesController#create as HTML
  Parameters: {"utf8"=>"✓", "authenticity_token"=>"yt9nse6BjQEolIuTumxruolA+nIF03liXqi79RJ/FBBI1ViAlw2RvrvIseevGLoBHoKK7sv6XvXLkgUOBoVz7Q==", "geofence"=>{"name"=>"we", "lat"=>"3", "lon"=>"4", "radius"=>"-9"}, "commit"=>"Create Geofence"}
  [1m[36mUser Load (0.2ms)[0m  [1m[34mSELECT  "users".* FROM "users" WHERE "users"."id" = ? ORDER BY "users"."id" ASC LIMIT ?[0m  [["id", 1], ["LIMIT", 1]]
  [1m[35m (0.1ms)[0m  [1m[36mbegin transaction[0m
  [1m[36mUser Load (0.2ms)[0m  [1m[34mSELECT  "users".* FROM "users" WHERE "users"."id" = ? LIMIT ?[0m  [["id", 1], ["LIMIT", 1]]
  [1m[35m (0.1ms)[0m  [1m[31mrollback transaction[0m
  Rendering geofences/new.html.erb within layouts/application
  Rendered geofences/_form.html.erb (7.5ms)
  Rendered geofences/new.html.erb within layouts/application (11.2ms)
Completed 200 OK in 167ms (Views: 70.0ms | ActiveRecord: 0.6ms)


Started POST "/geofences" for 127.0.0.1 at 2018-08-20 13:38:36 -0300
Processing by GeofencesController#create as HTML
  Parameters: {"utf8"=>"✓", "authenticity_token"=>"V5y2JjsT8n1LRE3uxvaELvam9kUgecWC62+XiRRPpDxcnrk4s7ePUBanxjQhuLE00oxTH0cTiJJfMixB/WZdQA==", "geofence"=>{"name"=>"we", "lat"=>"3", "lon"=>"4", "radius"=>"8"}, "commit"=>"Create Geofence"}
  [1m[36mUser Load (0.5ms)[0m  [1m[34mSELECT  "users".* FROM "users" WHERE "users"."id" = ? ORDER BY "users"."id" ASC LIMIT ?[0m  [["id", 1], ["LIMIT", 1]]
  [1m[35m (0.1ms)[0m  [1m[36mbegin transaction[0m
  [1m[36mUser Load (0.2ms)[0m  [1m[34mSELECT  "users".* FROM "users" WHERE "users"."id" = ? LIMIT ?[0m  [["id", 1], ["LIMIT", 1]]
  [1m[35mSQL (5.5ms)[0m  [1m[32mINSERT INTO "geofences" ("name", "lat", "lon", "radius", "created_at", "updated_at", "user_id") VALUES (?, ?, ?, ?, ?, ?, ?)[0m  [["name", "we"], ["lat", 3.0], ["lon", 4.0], ["radius", 8.0], ["created_at", "2018-08-20 16:38:36.921615"], ["updated_at", "2018-08-20 16:38:36.921615"], ["user_id", 1]]
  [1m[35m (5.4ms)[0m  [1m[36mcommit transaction[0m
Redirected to http://localhost:3000/geofences/2
Completed 302 Found in 40ms (ActiveRecord: 11.6ms)


Started GET "/geofences/2" for 127.0.0.1 at 2018-08-20 13:38:36 -0300
Processing by GeofencesController#show as HTML
  Parameters: {"id"=>"2"}
  [1m[36mUser Load (0.2ms)[0m  [1m[34mSELECT  "users".* FROM "users" WHERE "users"."id" = ? ORDER BY "users"."id" ASC LIMIT ?[0m  [["id", 1], ["LIMIT", 1]]
  [1m[36mGeofence Load (0.2ms)[0m  [1m[34mSELECT  "geofences".* FROM "geofences" WHERE "geofences"."user_id" = ? AND "geofences"."id" = ? LIMIT ?[0m  [["user_id", 1], ["id", 2], ["LIMIT", 1]]
  Rendering geofences/show.html.erb within layouts/application
  Rendered geofences/show.html.erb within layouts/application (0.9ms)
Completed 200 OK in 75ms (Views: 67.0ms | ActiveRecord: 0.4ms)


Started GET "/geofences" for 127.0.0.1 at 2018-08-20 13:38:45 -0300
Processing by GeofencesController#index as HTML
  [1m[36mUser Load (0.2ms)[0m  [1m[34mSELECT  "users".* FROM "users" WHERE "users"."id" = ? ORDER BY "users"."id" ASC LIMIT ?[0m  [["id", 1], ["LIMIT", 1]]
  Rendering geofences/index.html.erb within layouts/application
  [1m[36mGeofence Load (0.1ms)[0m  [1m[34mSELECT "geofences".* FROM "geofences" WHERE "geofences"."user_id" = ?[0m  [["user_id", 1]]
  Rendered geofences/index.html.erb within layouts/application (6.7ms)
Completed 200 OK in 158ms (Views: 153.0ms | ActiveRecord: 0.3ms)


  
ActionController::RoutingError (No route matches [GET] "/assets/fb_page-1353dea5900cc9b5c9dc29a19b3b105d291400e4676e67fd5abb96ac627fe84d.jpg"):
  
actionpack (5.0.7) lib/action_dispatch/middleware/debug_exceptions.rb:53:in `call'
web-console (3.6.2) lib/web_console/middleware.rb:135:in `call_app'
web-console (3.6.2) lib/web_console/middleware.rb:30:in `block in call'
web-console (3.6.2) lib/web_console/middleware.rb:20:in `catch'
web-console (3.6.2) lib/web_console/middleware.rb:20:in `call'
actionpack (5.0.7) lib/action_dispatch/middleware/show_exceptions.rb:31:in `call'
railties (5.0.7) lib/rails/rack/logger.rb:36:in `call_app'
railties (5.0.7) lib/rails/rack/logger.rb:24:in `block in call'
activesupport (5.0.7) lib/active_support/tagged_logging.rb:69:in `block in tagged'
activesupport (5.0.7) lib/active_support/tagged_logging.rb:26:in `tagged'
activesupport (5.0.7) lib/active_support/tagged_logging.rb:69:in `tagged'
railties (5.0.7) lib/rails/rack/logger.rb:24:in `call'
sprockets-rails (3.2.1) lib/sprockets/rails/quiet_assets.rb:11:in `block in call'
activesupport (5.0.7) lib/active_support/logger_silence.rb:20:in `silence'
activesupport (5.0.7) lib/active_support/logger.rb:63:in `block (3 levels) in broadcast'
activesupport (5.0.7) lib/active_support/logger_silence.rb:20:in `silence'
activesupport (5.0.7) lib/active_support/logger.rb:61:in `block (2 levels) in broadcast'
sprockets-rails (3.2.1) lib/sprockets/rails/quiet_assets.rb:11:in `call'
actionpack (5.0.7) lib/action_dispatch/middleware/request_id.rb:24:in `call'
rack (2.0.5) lib/rack/method_override.rb:22:in `call'
rack (2.0.5) lib/rack/runtime.rb:22:in `call'
activesupport (5.0.7) lib/active_support/cache/strategy/local_cache_middleware.rb:28:in `call'
actionpack (5.0.7) lib/action_dispatch/middleware/executor.rb:12:in `call'
actionpack (5.0.7) lib/action_dispatch/middleware/static.rb:136:in `call'
rack (2.0.5) lib/rack/sendfile.rb:111:in `call'
railties (5.0.7) lib/rails/engine.rb:522:in `call'
puma (3.12.0) lib/puma/configuration.rb:225:in `call'
puma (3.12.0) lib/puma/server.rb:658:in `handle_request'
puma (3.12.0) lib/puma/server.rb:472:in `process_client'
puma (3.12.0) lib/puma/server.rb:332:in `block in run'
puma (3.12.0) lib/puma/thread_pool.rb:133:in `block in spawn_thread'
Started GET "/geofences/957" for 127.0.0.1 at 2018-08-20 13:41:29 -0300
Processing by GeofencesController#show as HTML
  Parameters: {"id"=>"957"}
  [1m[36mUser Load (0.2ms)[0m  [1m[34mSELECT  "users".* FROM "users" WHERE "users"."id" = ? ORDER BY "users"."id" ASC LIMIT ?[0m  [["id", 1], ["LIMIT", 1]]
  [1m[36mGeofence Load (0.2ms)[0m  [1m[34mSELECT  "geofences".* FROM "geofences" WHERE "geofences"."user_id" = ? AND "geofences"."id" = ? LIMIT ?[0m  [["user_id", 1], ["id", 957], ["LIMIT", 1]]
Completed 404 Not Found in 42ms (ActiveRecord: 0.4ms)


  
ActiveRecord::RecordNotFound (Couldn't find Geofence with 'id'=957 [WHERE "geofences"."user_id" = ?]):
  
app/controllers/geofences_controller.rb:70:in `set_geofence'
  Rendering /home/kelly/.rvm/gems/ruby-2.3.0@handinfood_front/gems/actionpack-5.0.7/lib/action_dispatch/middleware/templates/rescues/diagnostics.html.erb within rescues/layout
  Rendering /home/kelly/.rvm/gems/ruby-2.3.0@handinfood_front/gems/actionpack-5.0.7/lib/action_dispatch/middleware/templates/rescues/_source.html.erb
  Rendered /home/kelly/.rvm/gems/ruby-2.3.0@handinfood_front/gems/actionpack-5.0.7/lib/action_dispatch/middleware/templates/rescues/_source.html.erb (10.8ms)
  Rendering /home/kelly/.rvm/gems/ruby-2.3.0@handinfood_front/gems/actionpack-5.0.7/lib/action_dispatch/middleware/templates/rescues/_trace.html.erb
  Rendered /home/kelly/.rvm/gems/ruby-2.3.0@handinfood_front/gems/actionpack-5.0.7/lib/action_dispatch/middleware/templates/rescues/_trace.html.erb (4.6ms)
  Rendering /home/kelly/.rvm/gems/ruby-2.3.0@handinfood_front/gems/actionpack-5.0.7/lib/action_dispatch/middleware/templates/rescues/_request_and_response.html.erb
  Rendered /home/kelly/.rvm/gems/ruby-2.3.0@handinfood_front/gems/actionpack-5.0.7/lib/action_dispatch/middleware/templates/rescues/_request_and_response.html.erb (1.3ms)
  Rendered /home/kelly/.rvm/gems/ruby-2.3.0@handinfood_front/gems/actionpack-5.0.7/lib/action_dispatch/middleware/templates/rescues/diagnostics.html.erb within rescues/layout (136.2ms)
Started GET "/geofences/957" for 127.0.0.1 at 2018-08-20 13:50:52 -0300
Processing by GeofencesController#show as HTML
  Parameters: {"id"=>"957"}
  [1m[36mUser Load (0.2ms)[0m  [1m[34mSELECT  "users".* FROM "users" WHERE "users"."id" = ? ORDER BY "users"."id" ASC LIMIT ?[0m  [["id", 1], ["LIMIT", 1]]
  [1m[36mGeofence Load (0.2ms)[0m  [1m[34mSELECT  "geofences".* FROM "geofences" WHERE "geofences"."user_id" = ? AND "geofences"."id" = ? LIMIT ?[0m  [["user_id", 1], ["id", 957], ["LIMIT", 1]]
Redirected to http://localhost:3000/
Filter chain halted as :set_geofence rendered or redirected
Completed 302 Found in 59ms (ActiveRecord: 1.5ms)


Started GET "/" for 127.0.0.1 at 2018-08-20 13:50:52 -0300
Processing by GeofencesController#index as HTML
  [1m[36mUser Load (0.2ms)[0m  [1m[34mSELECT  "users".* FROM "users" WHERE "users"."id" = ? ORDER BY "users"."id" ASC LIMIT ?[0m  [["id", 1], ["LIMIT", 1]]
  Rendering geofences/index.html.erb within layouts/application
  [1m[36mGeofence Load (0.2ms)[0m  [1m[34mSELECT "geofences".* FROM "geofences" WHERE "geofences"."user_id" = ?[0m  [["user_id", 1]]
  Rendered geofences/index.html.erb within layouts/application (31.2ms)
Completed 200 OK in 120ms (Views: 101.4ms | ActiveRecord: 0.4ms)


Started GET "/geofences/957" for 127.0.0.1 at 2018-08-20 13:51:28 -0300
Processing by GeofencesController#show as HTML
  Parameters: {"id"=>"957"}
  [1m[36mUser Load (0.3ms)[0m  [1m[34mSELECT  "users".* FROM "users" WHERE "users"."id" = ? ORDER BY "users"."id" ASC LIMIT ?[0m  [["id", 1], ["LIMIT", 1]]
  [1m[36mGeofence Load (0.2ms)[0m  [1m[34mSELECT  "geofences".* FROM "geofences" WHERE "geofences"."user_id" = ? AND "geofences"."id" = ? LIMIT ?[0m  [["user_id", 1], ["id", 957], ["LIMIT", 1]]
Redirected to http://localhost:3000/
Filter chain halted as :set_geofence rendered or redirected
Completed 302 Found in 11ms (ActiveRecord: 0.5ms)


Started GET "/" for 127.0.0.1 at 2018-08-20 13:51:28 -0300
Processing by GeofencesController#index as HTML
  [1m[36mUser Load (0.4ms)[0m  [1m[34mSELECT  "users".* FROM "users" WHERE "users"."id" = ? ORDER BY "users"."id" ASC LIMIT ?[0m  [["id", 1], ["LIMIT", 1]]
  Rendering geofences/index.html.erb within layouts/application
  [1m[36mGeofence Load (0.2ms)[0m  [1m[34mSELECT "geofences".* FROM "geofences" WHERE "geofences"."user_id" = ?[0m  [["user_id", 1]]
  Rendered geofences/index.html.erb within layouts/application (14.9ms)
Completed 200 OK in 80ms (Views: 72.9ms | ActiveRecord: 0.6ms)


Started GET "/geofences/957" for 127.0.0.1 at 2018-08-20 13:51:37 -0300
Processing by GeofencesController#show as HTML
  Parameters: {"id"=>"957"}
  [1m[36mUser Load (0.2ms)[0m  [1m[34mSELECT  "users".* FROM "users" WHERE "users"."id" = ? ORDER BY "users"."id" ASC LIMIT ?[0m  [["id", 1], ["LIMIT", 1]]
  [1m[36mGeofence Load (0.2ms)[0m  [1m[34mSELECT  "geofences".* FROM "geofences" WHERE "geofences"."user_id" = ? AND "geofences"."id" = ? LIMIT ?[0m  [["user_id", 1], ["id", 957], ["LIMIT", 1]]
Redirected to http://localhost:3000/
Filter chain halted as :set_geofence rendered or redirected
Completed 302 Found in 9ms (ActiveRecord: 0.3ms)


Started GET "/" for 127.0.0.1 at 2018-08-20 13:51:37 -0300
Processing by GeofencesController#index as HTML
  [1m[36mUser Load (0.4ms)[0m  [1m[34mSELECT  "users".* FROM "users" WHERE "users"."id" = ? ORDER BY "users"."id" ASC LIMIT ?[0m  [["id", 1], ["LIMIT", 1]]
  Rendering geofences/index.html.erb within layouts/application
  [1m[36mGeofence Load (0.3ms)[0m  [1m[34mSELECT "geofences".* FROM "geofences" WHERE "geofences"."user_id" = ?[0m  [["user_id", 1]]
  Rendered geofences/index.html.erb within layouts/application (6.2ms)
Completed 200 OK in 64ms (Views: 55.2ms | ActiveRecord: 0.6ms)


Started GET "/geofences" for 127.0.0.1 at 2018-08-20 13:52:06 -0300
Processing by GeofencesController#index as HTML
  [1m[36mUser Load (0.5ms)[0m  [1m[34mSELECT  "users".* FROM "users" WHERE "users"."id" = ? ORDER BY "users"."id" ASC LIMIT ?[0m  [["id", 1], ["LIMIT", 1]]
  Rendering geofences/index.html.erb within layouts/application
  [1m[36mGeofence Load (0.2ms)[0m  [1m[34mSELECT "geofences".* FROM "geofences" WHERE "geofences"."user_id" = ?[0m  [["user_id", 1]]
  Rendered geofences/index.html.erb within layouts/application (4.4ms)
Completed 200 OK in 80ms (Views: 73.7ms | ActiveRecord: 0.7ms)


Started DELETE "/users/sign_out" for 127.0.0.1 at 2018-08-20 13:52:15 -0300
Processing by Devise::SessionsController#destroy as HTML
  Parameters: {"authenticity_token"=>"ZHgFwqC4yd/9GUSr6yA5l7jrZ5SYvUoM1MF5u1HICt1vegrcKBy08qD6z3EMbgyNnMHCzv/XBxxgnMJzuOHzoQ=="}
  [1m[36mUser Load (3.5ms)[0m  [1m[34mSELECT  "users".* FROM "users" WHERE "users"."id" = ? ORDER BY "users"."id" ASC LIMIT ?[0m  [["id", 1], ["LIMIT", 1]]
  [1m[35m (0.1ms)[0m  [1m[36mbegin transaction[0m
  [1m[35m (0.1ms)[0m  [1m[36mcommit transaction[0m
Redirected to http://localhost:3000/
Completed 302 Found in 14ms (ActiveRecord: 3.6ms)


Started GET "/" for 127.0.0.1 at 2018-08-20 13:52:15 -0300
Processing by GeofencesController#index as HTML
Completed 401 Unauthorized in 1ms (ActiveRecord: 0.0ms)


Started GET "/users/sign_in" for 127.0.0.1 at 2018-08-20 13:52:15 -0300
Processing by Devise::SessionsController#new as HTML
  Rendering devise/sessions/new.html.erb within layouts/application
  Rendered devise/shared/_links.html.erb (3.5ms)
  Rendered devise/sessions/new.html.erb within layouts/application (16.2ms)
Completed 200 OK in 81ms (Views: 79.5ms | ActiveRecord: 0.0ms)


Started POST "/users/sign_in" for 127.0.0.1 at 2018-08-20 13:52:21 -0300
Processing by Devise::SessionsController#create as HTML
  Parameters: {"utf8"=>"✓", "authenticity_token"=>"u+j8KM7PzATzRTWdHNc1q6c05Pml/eyhGQ6Eu2OhMY3ikVSb3GZq88jDtr3q0BvZlTbo6hndKDJjOzDkt8/XYg==", "user"=>{"email"=>"kellycruz.ti@gmail.com", "password"=>"[FILTERED]", "remember_me"=>"0"}, "commit"=>"Log in"}
  [1m[36mUser Load (0.2ms)[0m  [1m[34mSELECT  "users".* FROM "users" WHERE "users"."email" = ? ORDER BY "users"."id" ASC LIMIT ?[0m  [["email", "kellycruz.ti@gmail.com"], ["LIMIT", 1]]
Completed 401 Unauthorized in 256ms (ActiveRecord: 0.2ms)


Processing by Devise::SessionsController#new as HTML
  Parameters: {"utf8"=>"✓", "authenticity_token"=>"u+j8KM7PzATzRTWdHNc1q6c05Pml/eyhGQ6Eu2OhMY3ikVSb3GZq88jDtr3q0BvZlTbo6hndKDJjOzDkt8/XYg==", "user"=>{"email"=>"kellycruz.ti@gmail.com", "password"=>"[FILTERED]", "remember_me"=>"0"}, "commit"=>"Log in"}
  Rendering devise/sessions/new.html.erb within layouts/application
  Rendered devise/shared/_links.html.erb (1.4ms)
  Rendered devise/sessions/new.html.erb within layouts/application (12.4ms)
Completed 200 OK in 322ms (Views: 74.7ms | ActiveRecord: 0.0ms)


Started POST "/users/sign_in" for 127.0.0.1 at 2018-08-20 13:52:35 -0300
Processing by Devise::SessionsController#create as HTML
  Parameters: {"utf8"=>"✓", "authenticity_token"=>"Toe8VnjzPgcHspyDiMNhBjW+noLBKU4/t71XjpKQo2UX/hTlalqY8Dw0H6N+xE90B7ySkX0JiqzNiOPRRv5Fig==", "user"=>{"email"=>"kellycruz.ti@gmail.com", "password"=>"[FILTERED]", "remember_me"=>"0"}, "commit"=>"Log in"}
  [1m[36mUser Load (0.3ms)[0m  [1m[34mSELECT  "users".* FROM "users" WHERE "users"."email" = ? ORDER BY "users"."id" ASC LIMIT ?[0m  [["email", "kellycruz.ti@gmail.com"], ["LIMIT", 1]]
Redirected to http://localhost:3000/
Completed 302 Found in 261ms (ActiveRecord: 0.3ms)


Started GET "/" for 127.0.0.1 at 2018-08-20 13:52:35 -0300
Processing by GeofencesController#index as HTML
  [1m[36mUser Load (0.2ms)[0m  [1m[34mSELECT  "users".* FROM "users" WHERE "users"."id" = ? ORDER BY "users"."id" ASC LIMIT ?[0m  [["id", 1], ["LIMIT", 1]]
  Rendering geofences/index.html.erb within layouts/application
  [1m[36mGeofence Load (0.2ms)[0m  [1m[34mSELECT "geofences".* FROM "geofences" WHERE "geofences"."user_id" = ?[0m  [["user_id", 1]]
  Rendered geofences/index.html.erb within layouts/application (6.4ms)
Completed 200 OK in 75ms (Views: 64.6ms | ActiveRecord: 0.4ms)


Started GET "/geofences" for 127.0.0.1 at 2018-08-21 13:33:57 -0300
  [1m[36mActiveRecord::SchemaMigration Load (0.1ms)[0m  [1m[34mSELECT "schema_migrations".* FROM "schema_migrations"[0m
Processing by GeofencesController#index as HTML
  [1m[36mUser Load (0.2ms)[0m  [1m[34mSELECT  "users".* FROM "users" WHERE "users"."id" = ? ORDER BY "users"."id" ASC LIMIT ?[0m  [["id", 1], ["LIMIT", 1]]
  Rendering geofences/index.html.erb within layouts/application
  [1m[36mGeofence Load (0.2ms)[0m  [1m[34mSELECT "geofences".* FROM "geofences" WHERE "geofences"."user_id" = ?[0m  [["user_id", 1]]
  Rendered geofences/index.html.erb within layouts/application (74.4ms)
Completed 200 OK in 1116ms (Views: 1033.9ms | ActiveRecord: 1.7ms)


Started GET "/geofences/new" for 127.0.0.1 at 2018-08-21 13:34:06 -0300
Processing by GeofencesController#new as HTML
  [1m[36mUser Load (0.2ms)[0m  [1m[34mSELECT  "users".* FROM "users" WHERE "users"."id" = ? ORDER BY "users"."id" ASC LIMIT ?[0m  [["id", 1], ["LIMIT", 1]]
  Rendering geofences/new.html.erb within layouts/application
  Rendered geofences/_form.html.erb (61.3ms)
  Rendered geofences/new.html.erb within layouts/application (65.7ms)
Completed 200 OK in 131ms (Views: 125.2ms | ActiveRecord: 0.2ms)


